This file contains any messages produced by compilers while
running configure, to aid debugging if configure makes a mistake.

It was created by CddInterface configure 0.1, which was
generated by GNU Autoconf 2.69.  Invocation command line was

  $ ./configure --with-gaproot=../../.. --no-create --no-recursion

## --------- ##
## Platform. ##
## --------- ##

hostname = saleh-Lenovo
uname -m = x86_64
uname -r = 3.13.0-68-generic
uname -s = Linux
uname -v = #111-Ubuntu SMP Fri Nov 6 18:17:06 UTC 2015

/usr/bin/uname -p = unknown
/bin/uname -X     = unknown

/bin/arch              = unknown
/usr/bin/arch -k       = unknown
/usr/convex/getsysinfo = unknown
/usr/bin/hostinfo      = unknown
/bin/machine           = unknown
/usr/bin/oslevel       = unknown
/bin/universe          = unknown

PATH: /usr/local/sbin
PATH: /usr/local/bin
PATH: /usr/sbin
PATH: /usr/bin
PATH: /sbin
PATH: /bin
PATH: /usr/games
PATH: /usr/local/games


## ----------- ##
## Core tests. ##
## ----------- ##

configure:2348: checking build system type
configure:2362: result: x86_64-unknown-linux-gnu
configure:2382: checking host system type
configure:2395: result: x86_64-unknown-linux-gnu
configure:2432: checking for a BSD-compatible install
configure:2500: result: /usr/bin/install -c
configure:2511: checking whether build environment is sane
configure:2566: result: yes
configure:2717: checking for a thread-safe mkdir -p
configure:2756: result: /bin/mkdir -p
configure:2763: checking for gawk
configure:2779: found /usr/bin/gawk
configure:2790: result: gawk
configure:2801: checking whether make sets $(MAKE)
configure:2823: result: yes
configure:2852: checking whether make supports nested variables
configure:2869: result: yes
configure:3005: checking whether make supports nested variables
configure:3022: result: yes
configure:3045: checking for style of include used by make
configure:3073: result: GNU
configure:3144: checking for gcc
configure:3160: found /usr/bin/gcc
configure:3171: result: gcc
configure:3400: checking for C compiler version
configure:3409: gcc --version >&5
gcc (Ubuntu 4.8.4-2ubuntu1~14.04) 4.8.4
Copyright (C) 2013 Free Software Foundation, Inc.
This is free software; see the source for copying conditions.  There is NO
warranty; not even for MERCHANTABILITY or FITNESS FOR A PARTICULAR PURPOSE.

configure:3420: $? = 0
configure:3409: gcc -v >&5
Using built-in specs.
COLLECT_GCC=gcc
COLLECT_LTO_WRAPPER=/usr/lib/gcc/x86_64-linux-gnu/4.8/lto-wrapper
Target: x86_64-linux-gnu
Configured with: ../src/configure -v --with-pkgversion='Ubuntu 4.8.4-2ubuntu1~14.04' --with-bugurl=file:///usr/share/doc/gcc-4.8/README.Bugs --enable-languages=c,c++,java,go,d,fortran,objc,obj-c++ --prefix=/usr --program-suffix=-4.8 --enable-shared --enable-linker-build-id --libexecdir=/usr/lib --without-included-gettext --enable-threads=posix --with-gxx-include-dir=/usr/include/c++/4.8 --libdir=/usr/lib --enable-nls --with-sysroot=/ --enable-clocale=gnu --enable-libstdcxx-debug --enable-libstdcxx-time=yes --enable-gnu-unique-object --disable-libmudflap --enable-plugin --with-system-zlib --disable-browser-plugin --enable-java-awt=gtk --enable-gtk-cairo --with-java-home=/usr/lib/jvm/java-1.5.0-gcj-4.8-amd64/jre --enable-java-home --with-jvm-root-dir=/usr/lib/jvm/java-1.5.0-gcj-4.8-amd64 --with-jvm-jar-dir=/usr/lib/jvm-exports/java-1.5.0-gcj-4.8-amd64 --with-arch-directory=amd64 --with-ecj-jar=/usr/share/java/eclipse-ecj.jar --enable-objc-gc --enable-multiarch --disable-werror --with-arch-32=i686 --with-abi=m64 --with-multilib-list=m32,m64,mx32 --with-tune=generic --enable-checking=release --build=x86_64-linux-gnu --host=x86_64-linux-gnu --target=x86_64-linux-gnu
Thread model: posix
gcc version 4.8.4 (Ubuntu 4.8.4-2ubuntu1~14.04) 
configure:3420: $? = 0
configure:3409: gcc -V >&5
gcc: error: unrecognized command line option '-V'
gcc: fatal error: no input files
compilation terminated.
configure:3420: $? = 4
configure:3409: gcc -qversion >&5
gcc: error: unrecognized command line option '-qversion'
gcc: fatal error: no input files
compilation terminated.
configure:3420: $? = 4
configure:3440: checking whether the C compiler works
configure:3462: gcc    conftest.c  >&5
configure:3466: $? = 0
configure:3514: result: yes
configure:3517: checking for C compiler default output file name
configure:3519: result: a.out
configure:3525: checking for suffix of executables
configure:3532: gcc -o conftest    conftest.c  >&5
configure:3536: $? = 0
configure:3558: result: 
configure:3580: checking whether we are cross compiling
configure:3588: gcc -o conftest    conftest.c  >&5
configure:3592: $? = 0
configure:3599: ./conftest
configure:3603: $? = 0
configure:3618: result: no
configure:3623: checking for suffix of object files
configure:3645: gcc -c   conftest.c >&5
configure:3649: $? = 0
configure:3670: result: o
configure:3674: checking whether we are using the GNU C compiler
configure:3693: gcc -c   conftest.c >&5
configure:3693: $? = 0
configure:3702: result: yes
configure:3711: checking whether gcc accepts -g
configure:3731: gcc -c -g  conftest.c >&5
configure:3731: $? = 0
configure:3772: result: yes
configure:3789: checking for gcc option to accept ISO C89
configure:3852: gcc  -c -g -O2  conftest.c >&5
configure:3852: $? = 0
configure:3865: result: none needed
configure:3890: checking whether gcc understands -c and -o together
configure:3912: gcc -c conftest.c -o conftest2.o
configure:3915: $? = 0
configure:3912: gcc -c conftest.c -o conftest2.o
configure:3915: $? = 0
configure:3927: result: yes
configure:3946: checking dependency style of gcc
configure:4057: result: gcc3
configure:4122: checking for ar
configure:4138: found /usr/bin/ar
configure:4149: result: ar
configure:4175: checking the archiver (ar) interface
configure:4191: gcc -c -g -O2  conftest.c >&5
configure:4191: $? = 0
configure:4193: ar cru libconftest.a conftest.o >&5
configure:4196: $? = 0
configure:4224: result: ar
configure:4293: checking for gcc
configure:4320: result: gcc
configure:4549: checking for C compiler version
configure:4558: gcc --version >&5
gcc (Ubuntu 4.8.4-2ubuntu1~14.04) 4.8.4
Copyright (C) 2013 Free Software Foundation, Inc.
This is free software; see the source for copying conditions.  There is NO
warranty; not even for MERCHANTABILITY or FITNESS FOR A PARTICULAR PURPOSE.

configure:4569: $? = 0
configure:4558: gcc -v >&5
Using built-in specs.
COLLECT_GCC=gcc
COLLECT_LTO_WRAPPER=/usr/lib/gcc/x86_64-linux-gnu/4.8/lto-wrapper
Target: x86_64-linux-gnu
Configured with: ../src/configure -v --with-pkgversion='Ubuntu 4.8.4-2ubuntu1~14.04' --with-bugurl=file:///usr/share/doc/gcc-4.8/README.Bugs --enable-languages=c,c++,java,go,d,fortran,objc,obj-c++ --prefix=/usr --program-suffix=-4.8 --enable-shared --enable-linker-build-id --libexecdir=/usr/lib --without-included-gettext --enable-threads=posix --with-gxx-include-dir=/usr/include/c++/4.8 --libdir=/usr/lib --enable-nls --with-sysroot=/ --enable-clocale=gnu --enable-libstdcxx-debug --enable-libstdcxx-time=yes --enable-gnu-unique-object --disable-libmudflap --enable-plugin --with-system-zlib --disable-browser-plugin --enable-java-awt=gtk --enable-gtk-cairo --with-java-home=/usr/lib/jvm/java-1.5.0-gcj-4.8-amd64/jre --enable-java-home --with-jvm-root-dir=/usr/lib/jvm/java-1.5.0-gcj-4.8-amd64 --with-jvm-jar-dir=/usr/lib/jvm-exports/java-1.5.0-gcj-4.8-amd64 --with-arch-directory=amd64 --with-ecj-jar=/usr/share/java/eclipse-ecj.jar --enable-objc-gc --enable-multiarch --disable-werror --with-arch-32=i686 --with-abi=m64 --with-multilib-list=m32,m64,mx32 --with-tune=generic --enable-checking=release --build=x86_64-linux-gnu --host=x86_64-linux-gnu --target=x86_64-linux-gnu
Thread model: posix
gcc version 4.8.4 (Ubuntu 4.8.4-2ubuntu1~14.04) 
configure:4569: $? = 0
configure:4558: gcc -V >&5
gcc: error: unrecognized command line option '-V'
gcc: fatal error: no input files
compilation terminated.
configure:4569: $? = 4
configure:4558: gcc -qversion >&5
gcc: error: unrecognized command line option '-qversion'
gcc: fatal error: no input files
compilation terminated.
configure:4569: $? = 4
configure:4573: checking whether we are using the GNU C compiler
configure:4601: result: yes
configure:4610: checking whether gcc accepts -g
configure:4671: result: yes
configure:4688: checking for gcc option to accept ISO C89
configure:4764: result: none needed
configure:4789: checking whether gcc understands -c and -o together
configure:4826: result: yes
configure:4845: checking dependency style of gcc
configure:4956: result: gcc3
configure:5025: checking how to print strings
configure:5052: result: printf
configure:5073: checking for a sed that does not truncate output
configure:5137: result: /bin/sed
configure:5155: checking for grep that handles long lines and -e
configure:5213: result: /bin/grep
configure:5218: checking for egrep
configure:5280: result: /bin/grep -E
configure:5285: checking for fgrep
configure:5347: result: /bin/grep -F
configure:5382: checking for ld used by gcc
configure:5449: result: /usr/bin/ld
configure:5456: checking if the linker (/usr/bin/ld) is GNU ld
configure:5471: result: yes
configure:5483: checking for BSD- or MS-compatible name lister (nm)
configure:5532: result: /usr/bin/nm -B
configure:5662: checking the name lister (/usr/bin/nm -B) interface
configure:5669: gcc -c -g -O2  conftest.c >&5
configure:5672: /usr/bin/nm -B "conftest.o"
configure:5675: output
0000000000000000 B some_variable
configure:5682: result: BSD nm
configure:5685: checking whether ln -s works
configure:5689: result: yes
configure:5697: checking the maximum length of command line arguments
configure:5828: result: 3458764513820540925
configure:5845: checking whether the shell understands some XSI constructs
configure:5855: result: yes
configure:5859: checking whether the shell understands "+="
configure:5865: result: yes
configure:5900: checking how to convert x86_64-unknown-linux-gnu file names to x86_64-unknown-linux-gnu format
configure:5940: result: func_convert_file_noop
configure:5947: checking how to convert x86_64-unknown-linux-gnu file names to toolchain format
configure:5967: result: func_convert_file_noop
configure:5974: checking for /usr/bin/ld option to reload object files
configure:5981: result: -r
configure:6055: checking for objdump
configure:6071: found /usr/bin/objdump
configure:6082: result: objdump
configure:6111: checking how to recognize dependent libraries
configure:6309: result: pass_all
configure:6394: checking for dlltool
configure:6424: result: no
configure:6451: checking how to associate runtime and link libraries
configure:6478: result: printf %s\n
configure:6602: checking for archiver @FILE support
configure:6619: gcc -c -g -O2  conftest.c >&5
configure:6619: $? = 0
configure:6622: ar cru libconftest.a @conftest.lst >&5
configure:6625: $? = 0
configure:6630: ar cru libconftest.a @conftest.lst >&5
ar: conftest.o: No such file or directory
configure:6633: $? = 1
configure:6645: result: @
configure:6703: checking for strip
configure:6719: found /usr/bin/strip
configure:6730: result: strip
configure:6802: checking for ranlib
configure:6818: found /usr/bin/ranlib
configure:6829: result: ranlib
configure:6931: checking command to parse /usr/bin/nm -B output from gcc object
configure:7051: gcc -c -g -O2  conftest.c >&5
configure:7054: $? = 0
configure:7058: /usr/bin/nm -B conftest.o \| sed -n -e 's/^.*[ ]\([ABCDGIRSTW][ABCDGIRSTW]*\)[ ][ ]*\([_A-Za-z][_A-Za-z0-9]*\)$/\1 \2 \2/p' | sed '/ __gnu_lto/d' \> conftest.nm
configure:7061: $? = 0
configure:7127: gcc -o conftest -g -O2   conftest.c conftstm.o >&5
configure:7130: $? = 0
configure:7168: result: ok
configure:7205: checking for sysroot
configure:7235: result: no
configure:7312: gcc -c -g -O2  conftest.c >&5
configure:7315: $? = 0
configure:7504: checking for mt
configure:7520: found /bin/mt
configure:7531: result: mt
configure:7554: checking if mt is a manifest tool
configure:7560: mt '-?'
configure:7568: result: no
configure:8210: checking how to run the C preprocessor
configure:8241: gcc -E  conftest.c
configure:8241: $? = 0
configure:8255: gcc -E  conftest.c
conftest.c:11:28: fatal error: ac_nonexistent.h: No such file or directory
 #include <ac_nonexistent.h>
                            ^
compilation terminated.
configure:8255: $? = 1
configure: failed program was:
| /* confdefs.h */
| #define PACKAGE_NAME "CddInterface"
| #define PACKAGE_TARNAME "cddinterface"
| #define PACKAGE_VERSION "0.1"
| #define PACKAGE_STRING "CddInterface 0.1"
| #define PACKAGE_BUGREPORT ""
| #define PACKAGE_URL ""
| #define PACKAGE "cddinterface"
| #define VERSION "0.1"
| /* end confdefs.h.  */
| #include <ac_nonexistent.h>
configure:8280: result: gcc -E
configure:8300: gcc -E  conftest.c
configure:8300: $? = 0
configure:8314: gcc -E  conftest.c
conftest.c:11:28: fatal error: ac_nonexistent.h: No such file or directory
 #include <ac_nonexistent.h>
                            ^
compilation terminated.
configure:8314: $? = 1
configure: failed program was:
| /* confdefs.h */
| #define PACKAGE_NAME "CddInterface"
| #define PACKAGE_TARNAME "cddinterface"
| #define PACKAGE_VERSION "0.1"
| #define PACKAGE_STRING "CddInterface 0.1"
| #define PACKAGE_BUGREPORT ""
| #define PACKAGE_URL ""
| #define PACKAGE "cddinterface"
| #define VERSION "0.1"
| /* end confdefs.h.  */
| #include <ac_nonexistent.h>
configure:8343: checking for ANSI C header files
configure:8363: gcc -c -g -O2  conftest.c >&5
configure:8363: $? = 0
configure:8436: gcc -o conftest -g -O2   conftest.c  >&5
configure:8436: $? = 0
configure:8436: ./conftest
configure:8436: $? = 0
configure:8447: result: yes
configure:8460: checking for sys/types.h
configure:8460: gcc -c -g -O2  conftest.c >&5
configure:8460: $? = 0
configure:8460: result: yes
configure:8460: checking for sys/stat.h
configure:8460: gcc -c -g -O2  conftest.c >&5
configure:8460: $? = 0
configure:8460: result: yes
configure:8460: checking for stdlib.h
configure:8460: gcc -c -g -O2  conftest.c >&5
configure:8460: $? = 0
configure:8460: result: yes
configure:8460: checking for string.h
configure:8460: gcc -c -g -O2  conftest.c >&5
configure:8460: $? = 0
configure:8460: result: yes
configure:8460: checking for memory.h
configure:8460: gcc -c -g -O2  conftest.c >&5
configure:8460: $? = 0
configure:8460: result: yes
configure:8460: checking for strings.h
configure:8460: gcc -c -g -O2  conftest.c >&5
configure:8460: $? = 0
configure:8460: result: yes
configure:8460: checking for inttypes.h
configure:8460: gcc -c -g -O2  conftest.c >&5
configure:8460: $? = 0
configure:8460: result: yes
configure:8460: checking for stdint.h
configure:8460: gcc -c -g -O2  conftest.c >&5
configure:8460: $? = 0
configure:8460: result: yes
configure:8460: checking for unistd.h
configure:8460: gcc -c -g -O2  conftest.c >&5
configure:8460: $? = 0
configure:8460: result: yes
configure:8474: checking for dlfcn.h
configure:8474: gcc -c -g -O2  conftest.c >&5
configure:8474: $? = 0
configure:8474: result: yes
configure:8976: checking for objdir
configure:8991: result: .libs
configure:9262: checking if gcc supports -fno-rtti -fno-exceptions
configure:9280: gcc -c -g -O2  -fno-rtti -fno-exceptions conftest.c >&5
cc1: warning: command line option '-fno-rtti' is valid for C++/ObjC++ but not for C [enabled by default]
configure:9284: $? = 0
configure:9297: result: no
configure:9624: checking for gcc option to produce PIC
configure:9631: result: -fPIC -DPIC
configure:9639: checking if gcc PIC flag -fPIC -DPIC works
configure:9657: gcc -c -g -O2  -fPIC -DPIC -DPIC conftest.c >&5
configure:9661: $? = 0
configure:9674: result: yes
configure:9703: checking if gcc static flag -static works
configure:9731: result: yes
configure:9746: checking if gcc supports -c -o file.o
configure:9767: gcc -c -g -O2  -o out/conftest2.o conftest.c >&5
configure:9771: $? = 0
configure:9793: result: yes
configure:9801: checking if gcc supports -c -o file.o
configure:9848: result: yes
configure:9881: checking whether the gcc linker (/usr/bin/ld -m elf_x86_64) supports shared libraries
configure:11038: result: yes
configure:11075: checking whether -lc should be explicitly linked in
configure:11083: gcc -c -g -O2  conftest.c >&5
configure:11086: $? = 0
configure:11101: gcc -shared  -fPIC -DPIC conftest.o  -v -Wl,-soname -Wl,conftest -o conftest 2\>\&1 \| /bin/grep  -lc  \>/dev/null 2\>\&1
configure:11104: $? = 0
configure:11118: result: no
configure:11278: checking dynamic linker characteristics
configure:11778: gcc -o conftest -g -O2   -Wl,-rpath -Wl,/foo conftest.c  >&5
configure:11778: $? = 0
configure:12012: result: GNU/Linux ld.so
configure:12119: checking how to hardcode library paths into programs
configure:12144: result: immediate
configure:12238: checking for shl_load
configure:12238: gcc -o conftest -g -O2   conftest.c  >&5
/tmp/ccORYg1f.o: In function `main':
/usr/local/lib/gap4r5/local/pkg/CddInterface/conftest.c:57: undefined reference to `shl_load'
collect2: error: ld returned 1 exit status
configure:12238: $? = 1
configure: failed program was:
| /* confdefs.h */
| #define PACKAGE_NAME "CddInterface"
| #define PACKAGE_TARNAME "cddinterface"
| #define PACKAGE_VERSION "0.1"
| #define PACKAGE_STRING "CddInterface 0.1"
| #define PACKAGE_BUGREPORT ""
| #define PACKAGE_URL ""
| #define PACKAGE "cddinterface"
| #define VERSION "0.1"
| #define STDC_HEADERS 1
| #define HAVE_SYS_TYPES_H 1
| #define HAVE_SYS_STAT_H 1
| #define HAVE_STDLIB_H 1
| #define HAVE_STRING_H 1
| #define HAVE_MEMORY_H 1
| #define HAVE_STRINGS_H 1
| #define HAVE_INTTYPES_H 1
| #define HAVE_STDINT_H 1
| #define HAVE_UNISTD_H 1
| #define HAVE_DLFCN_H 1
| #define LT_OBJDIR ".libs/"
| /* end confdefs.h.  */
| /* Define shl_load to an innocuous variant, in case <limits.h> declares shl_load.
|    For example, HP-UX 11i <limits.h> declares gettimeofday.  */
| #define shl_load innocuous_shl_load
| 
| /* System header to define __stub macros and hopefully few prototypes,
|     which can conflict with char shl_load (); below.
|     Prefer <limits.h> to <assert.h> if __STDC__ is defined, since
|     <limits.h> exists even on freestanding compilers.  */
| 
| #ifdef __STDC__
| # include <limits.h>
| #else
| # include <assert.h>
| #endif
| 
| #undef shl_load
| 
| /* Override any GCC internal prototype to avoid an error.
|    Use char because int might match the return type of a GCC
|    builtin and then its argument prototype would still apply.  */
| #ifdef __cplusplus
| extern "C"
| #endif
| char shl_load ();
| /* The GNU C library defines this for functions which it implements
|     to always fail with ENOSYS.  Some functions are actually named
|     something starting with __ and the normal name is an alias.  */
| #if defined __stub_shl_load || defined __stub___shl_load
| choke me
| #endif
| 
| int
| main ()
| {
| return shl_load ();
|   ;
|   return 0;
| }
configure:12238: result: no
configure:12242: checking for shl_load in -ldld
configure:12267: gcc -o conftest -g -O2   conftest.c -ldld   >&5
/usr/bin/ld: cannot find -ldld
collect2: error: ld returned 1 exit status
configure:12267: $? = 1
configure: failed program was:
| /* confdefs.h */
| #define PACKAGE_NAME "CddInterface"
| #define PACKAGE_TARNAME "cddinterface"
| #define PACKAGE_VERSION "0.1"
| #define PACKAGE_STRING "CddInterface 0.1"
| #define PACKAGE_BUGREPORT ""
| #define PACKAGE_URL ""
| #define PACKAGE "cddinterface"
| #define VERSION "0.1"
| #define STDC_HEADERS 1
| #define HAVE_SYS_TYPES_H 1
| #define HAVE_SYS_STAT_H 1
| #define HAVE_STDLIB_H 1
| #define HAVE_STRING_H 1
| #define HAVE_MEMORY_H 1
| #define HAVE_STRINGS_H 1
| #define HAVE_INTTYPES_H 1
| #define HAVE_STDINT_H 1
| #define HAVE_UNISTD_H 1
| #define HAVE_DLFCN_H 1
| #define LT_OBJDIR ".libs/"
| /* end confdefs.h.  */
| 
| /* Override any GCC internal prototype to avoid an error.
|    Use char because int might match the return type of a GCC
|    builtin and then its argument prototype would still apply.  */
| #ifdef __cplusplus
| extern "C"
| #endif
| char shl_load ();
| int
| main ()
| {
| return shl_load ();
|   ;
|   return 0;
| }
configure:12276: result: no
configure:12281: checking for dlopen
configure:12281: gcc -o conftest -g -O2   conftest.c  >&5
/tmp/ccuvpb0p.o: In function `main':
/usr/local/lib/gap4r5/local/pkg/CddInterface/conftest.c:57: undefined reference to `dlopen'
collect2: error: ld returned 1 exit status
configure:12281: $? = 1
configure: failed program was:
| /* confdefs.h */
| #define PACKAGE_NAME "CddInterface"
| #define PACKAGE_TARNAME "cddinterface"
| #define PACKAGE_VERSION "0.1"
| #define PACKAGE_STRING "CddInterface 0.1"
| #define PACKAGE_BUGREPORT ""
| #define PACKAGE_URL ""
| #define PACKAGE "cddinterface"
| #define VERSION "0.1"
| #define STDC_HEADERS 1
| #define HAVE_SYS_TYPES_H 1
| #define HAVE_SYS_STAT_H 1
| #define HAVE_STDLIB_H 1
| #define HAVE_STRING_H 1
| #define HAVE_MEMORY_H 1
| #define HAVE_STRINGS_H 1
| #define HAVE_INTTYPES_H 1
| #define HAVE_STDINT_H 1
| #define HAVE_UNISTD_H 1
| #define HAVE_DLFCN_H 1
| #define LT_OBJDIR ".libs/"
| /* end confdefs.h.  */
| /* Define dlopen to an innocuous variant, in case <limits.h> declares dlopen.
|    For example, HP-UX 11i <limits.h> declares gettimeofday.  */
| #define dlopen innocuous_dlopen
| 
| /* System header to define __stub macros and hopefully few prototypes,
|     which can conflict with char dlopen (); below.
|     Prefer <limits.h> to <assert.h> if __STDC__ is defined, since
|     <limits.h> exists even on freestanding compilers.  */
| 
| #ifdef __STDC__
| # include <limits.h>
| #else
| # include <assert.h>
| #endif
| 
| #undef dlopen
| 
| /* Override any GCC internal prototype to avoid an error.
|    Use char because int might match the return type of a GCC
|    builtin and then its argument prototype would still apply.  */
| #ifdef __cplusplus
| extern "C"
| #endif
| char dlopen ();
| /* The GNU C library defines this for functions which it implements
|     to always fail with ENOSYS.  Some functions are actually named
|     something starting with __ and the normal name is an alias.  */
| #if defined __stub_dlopen || defined __stub___dlopen
| choke me
| #endif
| 
| int
| main ()
| {
| return dlopen ();
|   ;
|   return 0;
| }
configure:12281: result: no
configure:12285: checking for dlopen in -ldl
configure:12310: gcc -o conftest -g -O2   conftest.c -ldl   >&5
configure:12310: $? = 0
configure:12319: result: yes
configure:12438: checking whether a program can dlopen itself
configure:12518: gcc -o conftest -g -O2  -DHAVE_DLFCN_H  -Wl,--export-dynamic conftest.c -ldl  >&5
configure:12521: $? = 0
configure:12539: result: yes
configure:12544: checking whether a statically linked program can dlopen itself
configure:12624: gcc -o conftest -g -O2  -DHAVE_DLFCN_H  -Wl,--export-dynamic -static conftest.c -ldl  >&5
/tmp/ccZT0NVE.o: In function `main':
/usr/local/lib/gap4r5/local/pkg/CddInterface/configure:12603: warning: Using 'dlopen' in statically linked applications requires at runtime the shared libraries from the glibc version used for linking
/usr/bin/ld: dynamic STT_GNU_IFUNC symbol `strcmp' with pointer equality in `/usr/lib/gcc/x86_64-linux-gnu/4.8/../../../x86_64-linux-gnu/libc.a(strcmp.o)' can not be used when making an executable; recompile with -fPIE and relink with -pie
collect2: error: ld returned 1 exit status
configure:12627: $? = 1
configure:12645: result: no
configure:12684: checking whether stripping libraries is possible
configure:12689: result: yes
configure:12724: checking if libtool supports shared libraries
configure:12726: result: yes
configure:12729: checking whether to build shared libraries
configure:12750: result: yes
configure:12753: checking whether to build static libraries
configure:12757: result: no
configure:12809: checking for CONFIGNAME
configure:12814: result: none
configure:12825: checking for GAP root directory
configure:12851: result: /usr/local/lib/gap4r5
configure:12876: checking for GAP architecture
configure:12890: result: x86_64-unknown-linux-gnu-gcc-default64
configure:12915: checking for GAP include files
configure:12918: result: /usr/local/lib/gap4r5/src/compiled.h
configure:12925: checking for GAP config.h
configure:12928: result: /usr/local/lib/gap4r5/bin/x86_64-unknown-linux-gnu-gcc-default64/config.h
configure:12961: checking for GAP's gmp.h location
configure:12965: result: /usr/local/lib/gap4r5/bin/x86_64-unknown-linux-gnu-gcc-default64/extern/gmp/include/gmp.h
configure:12988: checking size of void **
configure:12993: gcc -o conftest -g -O2   conftest.c  >&5
configure:12993: $? = 0
configure:12993: ./conftest
configure:12993: $? = 0
configure:13007: result: 8
configure:13154: checking that generated files are newer than configure
configure:13160: result: done
configure:13191: creating ./config.status

## ---------------- ##
## Cache variables. ##
## ---------------- ##

ac_cv_build=x86_64-unknown-linux-gnu
ac_cv_c_compiler_gnu=yes
ac_cv_env_CC_set=
ac_cv_env_CC_value=
ac_cv_env_CFLAGS_set=
ac_cv_env_CFLAGS_value=
ac_cv_env_CONFIGNAME_set=
ac_cv_env_CONFIGNAME_value=
ac_cv_env_CPPFLAGS_set=
ac_cv_env_CPPFLAGS_value=
ac_cv_env_CPP_set=
ac_cv_env_CPP_value=
ac_cv_env_LDFLAGS_set=
ac_cv_env_LDFLAGS_value=
ac_cv_env_LIBS_set=
ac_cv_env_LIBS_value=
ac_cv_env_build_alias_set=
ac_cv_env_build_alias_value=
ac_cv_env_host_alias_set=
ac_cv_env_host_alias_value=
ac_cv_env_target_alias_set=
ac_cv_env_target_alias_value=
ac_cv_func_dlopen=no
ac_cv_func_shl_load=no
ac_cv_header_dlfcn_h=yes
ac_cv_header_inttypes_h=yes
ac_cv_header_memory_h=yes
ac_cv_header_stdc=yes
ac_cv_header_stdint_h=yes
ac_cv_header_stdlib_h=yes
ac_cv_header_string_h=yes
ac_cv_header_strings_h=yes
ac_cv_header_sys_stat_h=yes
ac_cv_header_sys_types_h=yes
ac_cv_header_unistd_h=yes
ac_cv_host=x86_64-unknown-linux-gnu
ac_cv_lib_dl_dlopen=yes
ac_cv_lib_dld_shl_load=no
ac_cv_objext=o
ac_cv_path_EGREP='/bin/grep -E'
ac_cv_path_FGREP='/bin/grep -F'
ac_cv_path_GREP=/bin/grep
ac_cv_path_SED=/bin/sed
ac_cv_path_install='/usr/bin/install -c'
ac_cv_path_mkdir=/bin/mkdir
ac_cv_prog_AWK=gawk
ac_cv_prog_CPP='gcc -E'
ac_cv_prog_ac_ct_AR=ar
ac_cv_prog_ac_ct_CC=gcc
ac_cv_prog_ac_ct_MANIFEST_TOOL=mt
ac_cv_prog_ac_ct_OBJDUMP=objdump
ac_cv_prog_ac_ct_RANLIB=ranlib
ac_cv_prog_ac_ct_STRIP=strip
ac_cv_prog_cc_c89=
ac_cv_prog_cc_g=yes
ac_cv_prog_make_make_set=yes
ac_cv_sizeof_void_pp=8
am_cv_CC_dependencies_compiler_type=gcc3
am_cv_ar_interface=ar
am_cv_make_support_nested_variables=yes
am_cv_prog_cc_c_o=yes
lt_cv_ar_at_file=@
lt_cv_archive_cmds_need_lc=no
lt_cv_deplibs_check_method=pass_all
lt_cv_dlopen=dlopen
lt_cv_dlopen_libs=-ldl
lt_cv_dlopen_self=yes
lt_cv_dlopen_self_static=no
lt_cv_file_magic_cmd='$MAGIC_CMD'
lt_cv_file_magic_test_file=
lt_cv_ld_reload_flag=-r
lt_cv_nm_interface='BSD nm'
lt_cv_objdir=.libs
lt_cv_path_LD=/usr/bin/ld
lt_cv_path_NM='/usr/bin/nm -B'
lt_cv_path_mainfest_tool=no
lt_cv_prog_compiler_c_o=yes
lt_cv_prog_compiler_pic='-fPIC -DPIC'
lt_cv_prog_compiler_pic_works=yes
lt_cv_prog_compiler_rtti_exceptions=no
lt_cv_prog_compiler_static_works=yes
lt_cv_prog_gnu_ld=yes
lt_cv_sharedlib_from_linklib_cmd='printf %s\n'
lt_cv_shlibpath_overrides_runpath=no
lt_cv_sys_global_symbol_pipe='sed -n -e '\''s/^.*[	 ]\([ABCDGIRSTW][ABCDGIRSTW]*\)[	 ][	 ]*\([_A-Za-z][_A-Za-z0-9]*\)$/\1 \2 \2/p'\'' | sed '\''/ __gnu_lto/d'\'''
lt_cv_sys_global_symbol_to_c_name_address='sed -n -e '\''s/^: \([^ ]*\)[ ]*$/  {\"\1\", (void *) 0},/p'\'' -e '\''s/^[ABCDGIRSTW]* \([^ ]*\) \([^ ]*\)$/  {"\2", (void *) \&\2},/p'\'''
lt_cv_sys_global_symbol_to_c_name_address_lib_prefix='sed -n -e '\''s/^: \([^ ]*\)[ ]*$/  {\"\1\", (void *) 0},/p'\'' -e '\''s/^[ABCDGIRSTW]* \([^ ]*\) \(lib[^ ]*\)$/  {"\2", (void *) \&\2},/p'\'' -e '\''s/^[ABCDGIRSTW]* \([^ ]*\) \([^ ]*\)$/  {"lib\2", (void *) \&\2},/p'\'''
lt_cv_sys_global_symbol_to_cdecl='sed -n -e '\''s/^T .* \(.*\)$/extern int \1();/p'\'' -e '\''s/^[ABCDGIRSTW]* .* \(.*\)$/extern char \1;/p'\'''
lt_cv_sys_max_cmd_len=3458764513820540925
lt_cv_to_host_file_cmd=func_convert_file_noop
lt_cv_to_tool_file_cmd=func_convert_file_noop

## ----------------- ##
## Output variables. ##
## ----------------- ##

ACLOCAL='${SHELL} /usr/local/lib/gap4r5/local/pkg/CddInterface/cnf/missing aclocal-1.14'
AMDEPBACKSLASH='\'
AMDEP_FALSE='#'
AMDEP_TRUE=''
AMTAR='$${TAR-tar}'
AM_BACKSLASH='\'
AM_DEFAULT_V='$(AM_DEFAULT_VERBOSITY)'
AM_DEFAULT_VERBOSITY='0'
AM_V='$(V)'
AR='ar'
AS='as'
AUTOCONF='${SHELL} /usr/local/lib/gap4r5/local/pkg/CddInterface/cnf/missing autoconf'
AUTOHEADER='${SHELL} /usr/local/lib/gap4r5/local/pkg/CddInterface/cnf/missing autoheader'
AUTOMAKE='${SHELL} /usr/local/lib/gap4r5/local/pkg/CddInterface/cnf/missing automake-1.14'
AWK='gawk'
CC='gcc'
CCDEPMODE='depmode=gcc3'
CFLAGS='-g -O2'
CONFIGNAME=''
CONFIG_STATUS_DEPENDENCIES='$(top_srcdir)/VERSION'
CPP='gcc -E'
CPPFLAGS=''
CYGPATH_W='echo'
DEFS='-DHAVE_CONFIG_H'
DEPDIR='.deps'
DLLTOOL='false'
DSYMUTIL=''
DUMPBIN=''
ECHO_C=''
ECHO_N='-n'
ECHO_T=''
EGREP='/bin/grep -E'
EXEEXT=''
FGREP='/bin/grep -F'
GAPARCH='x86_64-unknown-linux-gnu-gcc-default64'
GAPROOT='/usr/local/lib/gap4r5'
GAP_CPPFLAGS='-I/usr/local/lib/gap4r5 -I/usr/local/lib/gap4r5/bin/x86_64-unknown-linux-gnu-gcc-default64 -I/usr/local/lib/gap4r5/bin/x86_64-unknown-linux-gnu-gcc-default64/extern/gmp/include'
GREP='/bin/grep'
INSTALL_DATA='${INSTALL} -m 644'
INSTALL_PROGRAM='${INSTALL}'
INSTALL_SCRIPT='${INSTALL}'
INSTALL_STRIP_PROGRAM='$(install_sh) -c -s'
LD='/usr/bin/ld -m elf_x86_64'
LDFLAGS=''
LIBOBJS=''
LIBS=''
LIBTOOL='$(SHELL) $(top_builddir)/libtool'
LIPO=''
LN_S='ln -s'
LTLIBOBJS=''
MAKEINFO='${SHELL} /usr/local/lib/gap4r5/local/pkg/CddInterface/cnf/missing makeinfo'
MANIFEST_TOOL=':'
MKDIR_P='/bin/mkdir -p'
NM='/usr/bin/nm -B'
NMEDIT=''
OBJDUMP='objdump'
OBJEXT='o'
OTOOL64=''
OTOOL=''
PACKAGE='cddinterface'
PACKAGE_BUGREPORT=''
PACKAGE_NAME='CddInterface'
PACKAGE_STRING='CddInterface 0.1'
PACKAGE_TARNAME='cddinterface'
PACKAGE_URL=''
PACKAGE_VERSION='0.1'
PATH_SEPARATOR=':'
RANLIB='ranlib'
SED='/bin/sed'
SET_MAKE=''
SHELL='/bin/bash'
STRIP='strip'
SYS_IS_CYGWIN_FALSE=''
SYS_IS_CYGWIN_TRUE='#'
VERSION='0.1'
ac_ct_AR='ar'
ac_ct_CC='gcc'
ac_ct_DUMPBIN=''
am__EXEEXT_FALSE=''
am__EXEEXT_TRUE='#'
am__fastdepCC_FALSE='#'
am__fastdepCC_TRUE=''
am__include='include'
am__isrc=''
am__leading_dot='.'
am__nodep='_no'
am__quote=''
am__tar='$${TAR-tar} chof - "$$tardir"'
am__untar='$${TAR-tar} xf -'
bindir='${exec_prefix}/bin'
build='x86_64-unknown-linux-gnu'
build_alias=''
build_cpu='x86_64'
build_os='linux-gnu'
build_vendor='unknown'
datadir='${datarootdir}'
datarootdir='${prefix}/share'
docdir='${datarootdir}/doc/${PACKAGE_TARNAME}'
dvidir='${docdir}'
exec_prefix='${prefix}'
host='x86_64-unknown-linux-gnu'
host_alias=''
host_cpu='x86_64'
host_os='linux-gnu'
host_vendor='unknown'
htmldir='${docdir}'
includedir='${prefix}/include'
infodir='${datarootdir}/info'
install_sh='${SHELL} /usr/local/lib/gap4r5/local/pkg/CddInterface/cnf/install-sh'
libdir='${exec_prefix}/lib'
libexecdir='${exec_prefix}/libexec'
localedir='${datarootdir}/locale'
localstatedir='${prefix}/var'
mandir='${datarootdir}/man'
mkdir_p='$(MKDIR_P)'
oldincludedir='/usr/include'
pdfdir='${docdir}'
prefix='/usr/local'
program_transform_name='s,x,x,'
psdir='${docdir}'
sbindir='${exec_prefix}/sbin'
sharedstatedir='${prefix}/com'
sysconfdir='${prefix}/etc'
target_alias=''

## ----------- ##
## confdefs.h. ##
## ----------- ##

/* confdefs.h */
#define PACKAGE_NAME "CddInterface"
#define PACKAGE_TARNAME "cddinterface"
#define PACKAGE_VERSION "0.1"
#define PACKAGE_STRING "CddInterface 0.1"
#define PACKAGE_BUGREPORT ""
#define PACKAGE_URL ""
#define PACKAGE "cddinterface"
#define VERSION "0.1"
#define STDC_HEADERS 1
#define HAVE_SYS_TYPES_H 1
#define HAVE_SYS_STAT_H 1
#define HAVE_STDLIB_H 1
#define HAVE_STRING_H 1
#define HAVE_MEMORY_H 1
#define HAVE_STRINGS_H 1
#define HAVE_INTTYPES_H 1
#define HAVE_STDINT_H 1
#define HAVE_UNISTD_H 1
#define HAVE_DLFCN_H 1
#define LT_OBJDIR ".libs/"
#define SIZEOF_VOID_PP 8
#define SYS_IS_CYGWIN32 0

configure: exit 0

## ---------------------- ##
## Running config.status. ##
## ---------------------- ##

This file was extended by CddInterface config.status 0.1, which was
generated by GNU Autoconf 2.69.  Invocation command line was

  CONFIG_FILES    = 
  CONFIG_HEADERS  = 
  CONFIG_LINKS    = 
  CONFIG_COMMANDS = 
  $ ./config.status 

on saleh-Lenovo

config.status:1092: creating Makefile
config.status:1092: creating src/pkgconfig.h
config.status:1273: src/pkgconfig.h is unchanged
config.status:1321: executing depfiles commands
config.status:1321: executing libtool commands
